<?xml version="1.0" encoding="UTF-8"?>
<!-- Generated by org.testng.reporters.JUnitXMLReporter -->
<testsuite ignored="1" hostname="LAPTOP-QKC7DO6F" failures="0" tests="2" name="GRP-fun" time="0.058" errors="0" timestamp="2023-03-05T08:23:10 IST">
  <testcase classname="Z_90_testNG.me_04_group_keyword" name="testC" time="0.01"/>
  <testcase classname="Z_90_testNG.me_04_group_keyword" name="testA" time="0.001"/>
  <testcase classname="Z_90_testNG.me_04_group_keyword" name="testB" time="0.0">
    <ignored/>
  </testcase> <!-- testB -->
</testsuite> <!-- GRP-fun -->
