<?xml version="1.0" encoding="UTF-8"?>
<!-- Generated by org.testng.reporters.JUnitXMLReporter -->
<testsuite ignored="0" hostname="DESKTOP-SJ1BRTJ" failures="0" tests="3" name="GRP-sanity1" time="0.072" errors="0" timestamp="2024-04-26T16:06:24 IST">
  <testcase classname="Z_99_practice.X_28_different_annotation" name="testA" time="0.009"/>
  <testcase classname="Z_99_practice.X_28_different_annotation" name="testc" time="0.002"/>
  <testcase classname="Z_99_practice.X_28_different_annotation" name="testb" time="0.002"/>
</testsuite> <!-- GRP-sanity1 -->
