<?xml version="1.0" encoding="UTF-8"?>
<!-- Generated by org.testng.reporters.JUnitXMLReporter -->
<testsuite ignored="2" hostname="LAPTOP-QKC7DO6F" failures="0" tests="1" name="GRP-sanity" time="0.039" errors="0" timestamp="2023-03-12T14:58:26 IST">
  <testcase classname="Z_90_testNG.me_17_pracftice" name="testB" time="0.007"/>
  <testcase classname="Z_90_testNG.me_17_pracftice" name="testC" time="0.0">
    <ignored/>
  </testcase> <!-- testC -->
  <testcase classname="Z_90_testNG.me_17_pracftice" name="testA" time="0.0">
    <ignored/>
  </testcase> <!-- testA -->
</testsuite> <!-- GRP-sanity -->
