<?xml version="1.0" encoding="UTF-8"?>
<!-- Generated by org.testng.reporters.JUnitXMLReporter -->
<testsuite ignored="0" hostname="DESKTOP-SJ1BRTJ" failures="0" tests="3" name="Default test" time="1.799" errors="0" timestamp="2024-05-27T11:54:37 IST">
  <testcase classname="Z_A_P_15_data_driven.test" name="printdata" time="0.007"/>
  <testcase classname="Z_A_P_15_data_driven.test" name="printdata" time="0.002"/>
  <testcase classname="Z_A_P_15_data_driven.test" name="printdata" time="0.001"/>
</testsuite> <!-- Default test -->
