<?xml version="1.0" encoding="UTF-8"?>
<!-- Generated by org.testng.reporters.JUnitXMLReporter -->
<testsuite ignored="0" hostname="LAPTOP-QKC7DO6F" failures="0" tests="4" name="09_parameterization" time="35.558" errors="0" timestamp="2023-03-06T23:33:49 IST">
  <testcase classname="Z_90_testNG.me_09_parameterization" name="urltest" time="0.018"/>
  <testcase classname="Z_90_testNG.me_09_parameterization" name="logotest" time="0.712"/>
  <testcase classname="Z_90_testNG.me_09_parameterization" name="firstTryItUrSelfTest" time="2.93"/>
  <testcase classname="Z_90_testNG.me_09_parameterization" name="secondTryItUrSelfTest" time="1.405"/>
</testsuite> <!-- 09_parameterization -->
