<?xml version="1.0" encoding="UTF-8"?>
<!-- Generated by org.testng.reporters.JUnitXMLReporter -->
<testsuite ignored="0" hostname="LAPTOP-QKC7DO6F" failures="0" tests="2" name="me_01_practiceWithAnnoationandKeywordCvrtXML" time="6.871" errors="0" timestamp="2023-03-05T11:04:02 IST">
  <testcase classname="Z_90_testNG.me_08_prcatice_withKeywordInRealApp" name="urltest" time="0.02"/>
  <testcase classname="Z_90_testNG.me_08_prcatice_withKeywordInRealApp" name="logotest" time="0.088"/>
</testsuite> <!-- me_01_practiceWithAnnoationandKeywordCvrtXML -->
