<?xml version="1.0" encoding="UTF-8"?>
<testng-results ignored="0" total="3" passed="3" failed="0" skipped="0">
  <reporter-output>
  </reporter-output>
  <suite started-at="2024-05-27T11:54:35 IST" name="Default suite" finished-at="2024-05-27T11:54:37 IST" duration-ms="1799">
    <groups>
    </groups>
    <test started-at="2024-05-27T11:54:35 IST" name="Default test" finished-at="2024-05-27T11:54:37 IST" duration-ms="1799">
      <class name="Z_A_P_15_data_driven.test">
        <test-method signature="printdata(java.lang.String,java.lang.String,java.lang.String,java.lang.String,java.lang.String,java.lang.String)[pri:0, instance:Z_A_P_15_data_driven.test@1040be71]" started-at="2024-05-27T11:54:37 IST" name="printdata" data-provider="id" finished-at="2024-05-27T11:54:37 IST" duration-ms="7" status="PASS">
          <params>
            <param index="0">
              <value>
                <![CDATA[1]]>
              </value>
            </param>
            <param index="1">
              <value>
                <![CDATA[11]]>
              </value>
            </param>
            <param index="2">
              <value>
                <![CDATA[12]]>
              </value>
            </param>
            <param index="3">
              <value>
                <![CDATA[2024-02-24T11:45:49.605Z]]>
              </value>
            </param>
            <param index="4">
              <value>
                <![CDATA[placed]]>
              </value>
            </param>
            <param index="5">
              <value>
                <![CDATA[TRUE]]>
              </value>
            </param>
          </params>
          <reporter-output>
          </reporter-output>
        </test-method> <!-- printdata -->
        <test-method signature="printdata(java.lang.String,java.lang.String,java.lang.String,java.lang.String,java.lang.String,java.lang.String)[pri:0, instance:Z_A_P_15_data_driven.test@1040be71]" started-at="2024-05-27T11:54:37 IST" name="printdata" data-provider="id" finished-at="2024-05-27T11:54:37 IST" duration-ms="2" status="PASS">
          <params>
            <param index="0">
              <value>
                <![CDATA[2]]>
              </value>
            </param>
            <param index="1">
              <value>
                <![CDATA[12]]>
              </value>
            </param>
            <param index="2">
              <value>
                <![CDATA[14]]>
              </value>
            </param>
            <param index="3">
              <value>
                <![CDATA[2024-02-24T11:45:49.605Z]]>
              </value>
            </param>
            <param index="4">
              <value>
                <![CDATA[placed]]>
              </value>
            </param>
            <param index="5">
              <value>
                <![CDATA[TRUE]]>
              </value>
            </param>
          </params>
          <reporter-output>
          </reporter-output>
        </test-method> <!-- printdata -->
        <test-method signature="printdata(java.lang.String,java.lang.String,java.lang.String,java.lang.String,java.lang.String,java.lang.String)[pri:0, instance:Z_A_P_15_data_driven.test@1040be71]" started-at="2024-05-27T11:54:37 IST" name="printdata" data-provider="id" finished-at="2024-05-27T11:54:37 IST" duration-ms="1" status="PASS">
          <params>
            <param index="0">
              <value>
                <![CDATA[3]]>
              </value>
            </param>
            <param index="1">
              <value>
                <![CDATA[13]]>
              </value>
            </param>
            <param index="2">
              <value>
                <![CDATA[16]]>
              </value>
            </param>
            <param index="3">
              <value>
                <![CDATA[2024-02-24T11:45:49.605Z]]>
              </value>
            </param>
            <param index="4">
              <value>
                <![CDATA[placed]]>
              </value>
            </param>
            <param index="5">
              <value>
                <![CDATA[TRUE]]>
              </value>
            </param>
          </params>
          <reporter-output>
          </reporter-output>
        </test-method> <!-- printdata -->
      </class> <!-- Z_A_P_15_data_driven.test -->
    </test> <!-- Default test -->
  </suite> <!-- Default suite -->
</testng-results>
